0 info it worked if it ends with ok
1 verbose cli [ 'C:\\Program Files\\nodejs\\node.exe',
1 verbose cli   'C:\\Program Files\\nodejs\\node_modules\\npm\\bin\\npm-cli.js',
1 verbose cli   'run',
1 verbose cli   'lite' ]
2 info using npm@3.9.5
3 info using node@v6.2.2
4 verbose run-script [ 'prelite', 'lite', 'postlite' ]
5 info lifecycle certiware-cpms@1.0.0~prelite: certiware-cpms@1.0.0
6 silly lifecycle certiware-cpms@1.0.0~prelite: no script for prelite, continuing
7 info lifecycle certiware-cpms@1.0.0~lite: certiware-cpms@1.0.0
8 verbose lifecycle certiware-cpms@1.0.0~lite: unsafe-perm in lifecycle true
9 verbose lifecycle certiware-cpms@1.0.0~lite: PATH: C:\Program Files\nodejs\node_modules\npm\bin\node-gyp-bin;C:\workspace\angular2\CPMStest\node_modules\.bin;C:\Program Files\nodejs;C:\Program Files\nodejs\node_modules\npm\bin\node-gyp-bin;C:\workspace\angular2\CPMStest\node_modules\.bin;C:\Program Files\nodejs;D:\cmder\bin;C:\Program Files\Git\bin;C:\Program Files\Git\usr\bin;C:\Program Files\Git\share\vim\vim74;D:\cmder\vendor\conemu-maximus5\ConEmu\Scripts;D:\cmder\vendor\conemu-maximus5;D:\cmder\vendor\conemu-maximus5\ConEmu;C:\ProgramData\Oracle\Java\javapath;C:\Windows\system32;C:\Windows;C:\Windows\System32\Wbem;C:\Windows\System32\WindowsPowerShell\v1.0\;C:\Program Files (x86)\Intel\OpenCL SDK\2.0\bin\x86;C:\Program Files (x86)\Intel\OpenCL SDK\2.0\bin\x64;C:\Program Files\Git\cmd;C:\Program Files (x86)\NVIDIA Corporation\PhysX\Common;C:\Users\mingi\AppData\Local\atom\bin;C:\Program Files\Java\jdk1.8.0_91\bin;C:\Program Files\Java\jre1.8.0_91\bin;C:\Program Files\nodejs\;C:\Users\mingi\AppData\Local\atom\bin;C:\Users\mingi\AppData\Roaming\npm;D:\cmder
10 verbose lifecycle certiware-cpms@1.0.0~lite: CWD: C:\workspace\angular2\CPMStest
11 silly lifecycle certiware-cpms@1.0.0~lite: Args: [ '/d /s /c', 'lite-server' ]
12 silly lifecycle certiware-cpms@1.0.0~lite: Returned: code: 1  signal: null
13 info lifecycle certiware-cpms@1.0.0~lite: Failed to exec lite script
14 verbose stack Error: certiware-cpms@1.0.0 lite: `lite-server`
14 verbose stack Exit status 1
14 verbose stack     at EventEmitter.<anonymous> (C:\Program Files\nodejs\node_modules\npm\lib\utils\lifecycle.js:245:16)
14 verbose stack     at emitTwo (events.js:106:13)
14 verbose stack     at EventEmitter.emit (events.js:191:7)
14 verbose stack     at ChildProcess.<anonymous> (C:\Program Files\nodejs\node_modules\npm\lib\utils\spawn.js:24:14)
14 verbose stack     at emitTwo (events.js:106:13)
14 verbose stack     at ChildProcess.emit (events.js:191:7)
14 verbose stack     at maybeClose (internal/child_process.js:852:16)
14 verbose stack     at Process.ChildProcess._handle.onexit (internal/child_process.js:215:5)
15 verbose pkgid certiware-cpms@1.0.0
16 verbose cwd C:\workspace\angular2\CPMStest
17 error Windows_NT 6.1.7601
18 error argv "C:\\Program Files\\nodejs\\node.exe" "C:\\Program Files\\nodejs\\node_modules\\npm\\bin\\npm-cli.js" "run" "lite"
19 error node v6.2.2
20 error npm  v3.9.5
21 error code ELIFECYCLE
22 error certiware-cpms@1.0.0 lite: `lite-server`
22 error Exit status 1
23 error Failed at the certiware-cpms@1.0.0 lite script 'lite-server'.
23 error Make sure you have the latest version of node.js and npm installed.
23 error If you do, this is most likely a problem with the certiware-cpms package,
23 error not with npm itself.
23 error Tell the author that this fails on your system:
23 error     lite-server
23 error You can get information on how to open an issue for this project with:
23 error     npm bugs certiware-cpms
23 error Or if that isn't available, you can get their info via:
23 error     npm owner ls certiware-cpms
23 error There is likely additional logging output above.
24 verbose exit [ 1, true ]
